                                                      PUDDING GEE                     16:31 Thursday, August 22, 2019 216

                                                  The GLIMMIX Procedure

                                                   Model Information

                                 Data Set                      WORK.TEST
                                 Response Variable             YESPUDDING
                                 Response Distribution         Binomial
                                 Link Function                 Logit
                                 Variance Function             Default
                                 Variance Matrix Blocked By    seriali*area
                                 Estimation Technique          Maximum Likelihood
                                 Likelihood Approximation      Gauss-Hermite Quadrature
                                 Degrees of Freedom Method     Containment


                                                      PUDDING GEE                     16:31 Thursday, August 22, 2019 217

                                                  The GLIMMIX Procedure

                                                Class Level Information

                           Class      Levels    Values

                           seriali      3041    10101261 10102011 10102071 10102161 10103071
                                                10103181 10103211 10104011 10105111 10105261
                                                10107011 10107251 10107261 10109011 10109071
                                                10109251 10110011 10110071 10112071 10112251
                                                10114011 10114251 10115111 10201111 10201161
                                                10202251 10203161 10204111 10205071 10205181
                                                10209111 10209261 10210071 10210111 10210181
                                                10210261 10211181 10211251 10211261 10213211
                                                10215111 10215151 10215161 10301071 10301111
                                                10301151 10302011 10302071 10302111 10302261
                                                10303071 10303151 10303211 10305151 10306071
                                                10306151 10307151 10308111 10308161 10308251
                                                10308261 10310011 10310111 10310161 10311161
                                                10311181 10311261 10314251 10314261 10315011
                                                10315161 10315261 10401181 10402071 10404181
                                                10405071 10407211 10408251 10408261 10410071
                                                10410261 10411211 10412151 10412211 10414011
                                                10501071 10501161 10502151 10502261 10503251
                                                10503261 10504161 10505251 10506161 10507011
                                                10507211 10508161 10508211 10509071 10509181
                                                10510181 10510261 10511261 10512111 10513151
                                                10513211 10514011 10514211 10514261 10515111
                                                10515251 10515261 10601071 10601161 10603111
                                                10603151 10603161 10603211 10603251 10605181
                                                10605251 10606111 10606181 10606211 10606251
                                                10607111 10609161 10610151 10610211 10611161
                                                10611181 10612181 10612251 10613211 10613261
                                                10614071 10615161 10615181 10615261 10702011
                                                10702111 10702151 10705111 10705161 10705251
                                                10707071 10707111 10707181 10707251 10708071
                                                10708181 10709151 10709161 10709261 10710011
                                                10710261 10711071 10711151 10711261 10713011
                                                10713111 10713181 10713211 10713261 10714151
                                                10714251 10715071 10715111 10802071 10803011
                                                10805151 10806151 10806251 10807071 10807151
                                                10808011 10809251 10810071 10810161 10812261
                                                10813111 10813161 10813211 10814011 10814181
                                                10814211 10901151 10901211 10902011 10902111
                                                10902151 10902161 10902261 10903261 10904181
                                                10905161 10905211 10905251 10905261 10907071
                                                10908181 10908261 10909161 10909211 10909251
                                                10909261 10910011 10910151 10910161 10910251
                                                10910261 10911181 10911261 10912011 10912161
                                                10912211 10913151 10913161 10913251 10914251
                                                10915251 10915261 11001181 11001261 11004111
                                                11004151 11006011 11008011 11008071 11008161
                                                11008181 11009181 11010071 11010111 11010181
                                                11010211 11010251 11011151 11011211 11014151
                                                11014251 11015071 11101011 11101161 11102211
                                                11103071 11104111 11104151 11106011 11106261
                                                11107111 11107151 11107251 11109011 11110071
                                                11110181 11111261 11112111 11112211 11113011
                                                11114111 11114151 11114251 11201161 11201211
                                                11201251 11202011 11202211 11203071 11203211
                                                11204161 11204211 11205111 11205151 11206251
                                                11207011 11207251 11208211 11208261 11209261
                                                11211261 11212071 11212111 11212181 11213011
                                                11213181 11213261 20101041 20101211 20102041
                                                20102171 20104041 20104181 20105041 20105181
                                                20106211 20110031 20111011 20111041 20111171
                                                20112171 20113171 20113181 20114011 20114031
                                                20114041 20116011 20116031 20116081 20116101
                                                20116171 20201071 20201211 20202041 20202171
                                                20203081 20204071 20208101 20210041 20210081
                                                20210211 20211011 20211071 20211171 20211181
                                                20212071 20212101 20212211 20213071 20215031
                                                20216011 20216031 20216171 20216211 20301011
                                                20302011 20303011 20303041 20303171 20304041
                                                20304101 20305041 20305101 20305171 20306071
                                                20307041 20307171 20307181 20308031 20308171
                                                20308181 20309181 20311031 20311071 20311081
                                                      PUDDING GEE                     16:31 Thursday, August 22, 2019 218

                                                  The GLIMMIX Procedure

                                                20312081 20312171 20313041 20313071 20314031
                                                20314171 20315101 20315171 20316171 20316181
                                                20401011 20401031 20401181 20401211 20402041
                                                20402071 20402181 20403031 20403071 20403081
                                                20403211 20405031 20405071 20406071 20406101
                                                20408031 20409011 20409211 20410011 20410041
                                                20410081 20410181 20411031 20412011 20412041
                                                20412071 20412211 20413081 20414031 20414171
                                                20415041 20416031 20417011 20417031 20417081
                                                20417181 20501011 20502071 20502171 20503031
                                                20503101 20503171 20504171 20507031 20507081
                                                20508071 20510041 20510211 20511101 20512031
                                                20512041 20513011 20513041 20513181 20513211
                                                20514171 20515071 20516031 20516041 20516101
                                                20601101 20601181 20601211 20603011 20603171
                                                20604011 20604041 20605041 20605071 20605081
                                                20606071 20607011 20607041 20607071 20607101
                                                20607211 20608031 20608071 20608101 20609031
                                                20609101 20609181 20610071 20610101 20610181
                                                20612211 20614081 20614181 20615041 20615071
                                                20615081 20615101 20616031 20616101 20616171
                                                20616181 20616211 20701071 20701081 20702101
                                                20702171 20702181 20703071 20703101 20704101
                                                20704181 20705011 20706041 20706101 20707171
                                                20707211 20708081 20708171 20708181 20709211
                                                20711101 20711171 20712041 20712081 20712101
                                                20713031 20713211 20714071 20714211 20715171
                                                20715181 20801101 20801211 20802081 20803011
                                                20803031 20803081 20803181 20804041 20804101
                                                20805011 20805031 20805211 20806071 20807011
                                                20807031 20807071 20807081 20807171 20808041
                                                20808071 20808101 20808171 20809031 20809071
                                                20809081 20809101 20809211 20810041 20812011
                                                20812031 20812171 20812181 20813181 20814071
                                                20815031 20815181 20816071 20816181 20816211
                                                20817011 20817071 20818081 20819011 20819031
                                                20819041 20819171 20901211 20903031 20903071
                                                20903081 20904101 20904171 20905101 20905171
                                                20906011 20906031 20906071 20906171 20906211
                                                20908041 20910011 20910171 20910211 20911071
                                                20911181 20912181 20913071 20913081 20914011
                                                20914101 20915041 20915101 20915181 20916041
                                                20916081 21001071 21002081 21004011 21004081
                                                21006071 21006171 21007011 21007081 21007211
                                                21008011 21008181 21010031 21010081 21010171
                                                21010211 21011071 21011181 21011211 21012041
                                                21012101 21013081 21013101 21014031 21014101
                                                21015031 21015071 21015171 21016081 21101031
                                                21102081 21102171 21103011 21103181 21104071
                                                21104101 21105171 21108041 21109011 21109181
                                                21110081 21110181 21110211 21111011 21112031
                                                21112171 21113031 21114081 21114101 21114211
                                                21115011 21115081 21115181 21116031 21116081
                                                21116171 21201211 21202181 21203181 21204101
                                                21205041 21205171 21205211 21206071 21207181
                                                21208181 21209071 21209081 21209181 21210011
                                                21210041 21210081 21211031 21212011 21212041
                                                21212071 21212171 21213011 21213071 21213171
                                                21214041 21214101 21214181 21216031 21216041
                                                21216081 21216181 30101031 30102131 30103011
                                                30103031 30103081 30104071 30104131 30104251
                                                30105131 30106011 30106071 30106201 30106251
                                                30107071 30107251 30108011 30108021 30108131
                                                30108201 30108251 30109011 30109021 30109131
                                                30110071 30110201 30111011 30112231 30113031
                                                30114031 30114071 30114081 30115021 30115081
                                                30115231 30116081 30116131 30201131 30201201
                                                30203081 30203231 30203251 30205011 30205031
                                                30205201 30205251 30207231 30208081 30208231
                                                30209071 30209251 30211011 30211021 30211031
                                                30211071 30211081 30211201 30212201 30212251
                                                30213011 30213131 30213201 30213231 30213251
                                                30216081 30301071 30301081 30302021 30303201
                                                30304081 30304201 30305011 30306011 30306021
                                                30307201 30307231 30308131 30309251 30310021
                                                      PUDDING GEE                     16:31 Thursday, August 22, 2019 219

                                                  The GLIMMIX Procedure

                                                30311031 30311251 30312011 30313081 30313231
                                                30315021 30315201 30316021 30316251 30402031
                                                30402081 30402131 30403031 30403131 30404131
                                                30405071 30405081 30405231 30406131 30406231
                                                30406251 30407201 30407251 30408231 30409031
                                                30409201 30409251 30410071 30410201 30414021
                                                30414071 30415011 30415071 30415081 30415131
                                                30415251 30416131 30417201 30501021 30502031
                                                30502071 30502251 30504251 30505131 30506071
                                                30506131 30507081 30507201 30508071 30508231
                                                30508251 30509011 30510011 30511021 30511081
                                                30511201 30513071 30513131 30513251 30514011
                                                30514131 30514231 30514251 30515071 30515201
                                                30516021 30601081 30602131 30602231 30603251
                                                30604011 30604071 30604131 30606231 30607231
                                                30608031 30609131 30609201 30610021 30610031
                                                30611021 30611031 30611251 30612131 30614021
                                                30614031 30615011 30615081 30615251 30616011
                                                30616131 30701021 30701081 30701201 30702081
                                                30702131 30703071 30703201 30703231 30703251
                                                30706031 30707011 30707081 30707201 30708071
                                                30708231 30708251 30709021 30709071 30710031
                                                30711131 30712131 30712201 30713071 30713201
                                                30714011 30714031 30714081 30714131 30715031
                                                30715231 30715251 30716021 30801011 30801021
                                                30801131 30801231 30803021 30803131 30804231
                                                30805071 30806011 30806081 30808011 30808021
                                                30808071 30808081 30808251 30809011 30810011
                                                30810031 30810131 30811231 30812031 30812131
                                                30813031 30813201 30814021 30814071 30814131
                                                30815071 30815201 30816071 30816081 30816131
                                                30816201 30816251 30901011 30901231 30902011
                                                30902201 30902231 30903081 30903131 30904081
                                                30904231 30904251 30905011 30905021 30905071
                                                30905131 30909071 30910071 30910251 30911011
                                                30911081 30911131 30912031 30912071 30912081
                                                30912251 30913011 30913031 30913081 30913201
                                                30914011 30914031 30914081 30914251 30915071
                                                30915131 30916021 30916081 30917031 30917231
                                                30917251 31001021 31001231 31002081 31002131
                                                31003031 31003251 31004081 31004201 31004231
                                                31006011 31007011 31007131 31008131 31009021
                                                31009081 31009251 31011021 31012021 31012201
                                                31012231 31012251 31013011 31013131 31014251
                                                31102021 31102131 31103011 31103021 31103031
                                                31104011 31104031 31104071 31104251 31105071
                                                31105131 31109131 31109201 31109231 31110021
                                                31110231 31112251 31113081 31113131 31113231
                                                31114011 31115071 31115081 31115251 31116011
                                                31116021 31116071 31116201 31201011 31203031
                                                31204071 31204201 31205201 31205231 31205251
                                                31206071 31206251 31207011 31207081 31209021
                                                31209071 31212021 31212081 31212201 31214011
                                                31214031 31214071 31214231 40101011 40101101
                                                40101131 40101211 40102021 40102251 40103011
                                                40103021 40103101 40103211 40103221 40104051
                                                40106101 40106131 40106171 40106221 40107051
                                                40107131 40107211 40107221 40108011 40108081
                                                40108101 40108131 40108261 40109051 40109101
                                                40109251 40110131 40111101 40112021 40112101
                                                40112221 40113251 40114251 40115051 40115101
                                                40115171 40115261 40116011 40116101 40116221
                                                40116251 40117011 40117021 40117251 40118021
                                                40118051 40118171 40118211 40119101 40119131
                                                40119171 40119261 40120051 40120131 40120221
                                                40120251 40120261 40121011 40121021 40121051
                                                40121081 40121101 40121221 40122021 40122131
                                                40122221 40123051 40124021 40124051 40124101
                                                40124251 40201021 40201261 40202221 40203011
                                                40203131 40204081 40206131 40207101 40208011
                                                40208221 40210171 40210221 40212021 40212261
                                                40213171 40213211 40214021 40214171 40215101
                                                40215221 40216101 40216171 40217101 40217131
                                                40218171 40219171 40219221 40220171 40220251
                                                40220261 40221081 40221131 40221221 40221251
                                                      PUDDING GEE                     16:31 Thursday, August 22, 2019 220

                                                  The GLIMMIX Procedure

                                                40222011 40222251 40223101 40223131 40223171
                                                40224021 40224131 40225051 40225081 40225101
                                                40225261 40301021 40301101 40302011 40302171
                                                40302211 40302261 40304081 40304131 40304171
                                                40304251 40305051 40305131 40306011 40306021
                                                40306171 40307021 40307051 40307131 40307211
                                                40309021 40309211 40310021 40310261 40311021
                                                40311211 40311251 40312101 40312131 40312171
                                                40313051 40314081 40314101 40315101 40315261
                                                40316051 40317051 40317081 40318021 40318221
                                                40319171 40320171 40320261 40321101 40322221
                                                40323021 40323101 40323131 40324171 40325021
                                                40325051 40325131 40325171 40325221 40325251
                                                40325261 40401051 40401221 40402131 40403021
                                                40403101 40404011 40404251 40405051 40405131
                                                40405251 40406011 40406051 40406101 40408021
                                                40408051 40408081 40408101 40408131 40408171
                                                40408221 40410011 40410101 40410251 40411221
                                                40412171 40412251 40413021 40413171 40413221
                                                40414051 40414131 40415011 40415021 40415081
                                                40415131 40415171 40415251 40416101 40416131
                                                40416221 40417051 40417131 40501011 40501081
                                                40501211 40501251 40502021 40502081 40502101
                                                40502171 40502211 40503011 40503171 40504171
                                                40506081 40506101 40507021 40507261 40508051
                                                40508101 40508131 40508251 40509011 40509171
                                                40509221 40509261 40510081 40510251 40511051
                                                40512011 40512171 40512211 40512221 40513051
                                                40513131 40513171 40514051 40514171 40515211
                                                40516011 40516021 40601051 40601261 40602051
                                                40602101 40602221 40603011 40603081 40603101
                                                40603171 40603211 40603221 40603261 40604011
                                                40604261 40605081 40606221 40608011 40608051
                                                40608221 40608251 40608261 40609011 40609021
                                                40609051 40609101 40610051 40610101 40610261
                                                40611011 40611171 40611261 40612021 40612101
                                                40613021 40613051 40613171 40615021 40615221
                                                40616011 40616021 40616081 40701021 40703211
                                                40703261 40706051 40707081 40707101 40707251
                                                40707261 40708251 40710011 40710051 40712051
                                                40713081 40713131 40713251 40714051 40714131
                                                40715051 40715081 40715101 40715221 40715251
                                                40716011 40716081 40716221 40716251 40716261
                                                40801051 40801081 40801101 40801131 40801221
                                                40801261 40803011 40804081 40804261 40805171
                                                40805221 40806021 40806051 40807081 40808221
                                                40809051 40809081 40809251 40810021 40810051
                                                40810101 40810221 40810251 40811051 40811101
                                                40811221 40811261 40812021 40812131 40812261
                                                40813011 40813171 40813261 40814011 40814131
                                                40815101 40815171 40815261 40816221 40817051
                                                40817101 40817131 40817221 40817251 40901021
                                                40902051 40902081 40902101 40902171 40902251
                                                40902261 40903051 40903131 40904011 40904101
                                                40904221 40905021 40905101 40906211 40906261
                                                40907011 40907021 40908021 40908081 40908251
                                                40909011 40909101 40909261 40910101 40910221
                                                40911051 40911221 40912051 40912171 40912221
                                                40912251 40912261 40913011 40913051 40913101
                                                40914011 40914021 40914051 40914081 40914171
                                                40914211 40915021 40915051 40915131 40916051
                                                40916221 40916251 41002021 41002081 41002131
                                                41002171 41002221 41004011 41005101 41006051
                                                41006081 41006101 41007101 41007221 41007261
                                                41008011 41008081 41010101 41010171 41010211
                                                41010221 41012021 41012171 41012261 41013051
                                                41013211 41014101 41014131 41014261 41015011
                                                41015051 41015131 41015211 41015221 41015251
                                                41016171 41016211 41101011 41102101 41102171
                                                41102261 41103051 41103251 41106261 41107021
                                                41107251 41108101 41108171 41110051 41110171
                                                41111011 41111051 41111101 41111221 41113051
                                                41113171 41113251 41114171 41115011 41115021
                                                41115051 41115101 41115131 41116051 41116101
                                                41116171 41116211 41116221 41201131 41201261
                                                      PUDDING GEE                     16:31 Thursday, August 22, 2019 221

                                                  The GLIMMIX Procedure

                                                41202051 41202221 41202251 41203021 41203081
                                                41203101 41203131 41203221 41203251 41204051
                                                41204081 41204131 41204221 41205011 41205101
                                                41205251 41206081 41207011 41208011 41208131
                                                41208221 41209131 41210011 41210261 41211011
                                                41211101 41211251 41212081 41213011 41213051
                                                41213101 41213131 41213261 41215021 41216011
                                                41216021 41216051 41216101 41216171 41217131
                                                50102141 50102241 50103011 50103071 50103101
                                                50103241 50104161 50105141 50106011 50106181
                                                50107011 50107041 50108141 50108161 50109241
                                                50109271 50110071 50111181 50201041 50201071
                                                50201181 50202141 50202161 50203011 50203241
                                                50204191 50205041 50205141 50205161 50205191
                                                50207181 50207271 50208011 50208071 50208141
                                                50208161 50208181 50209241 50209271 50210141
                                                50210191 50210271 50211011 50301071 50301141
                                                50302041 50302161 50302191 50303071 50304011
                                                50304101 50304161 50304241 50305041 50305271
                                                50306041 50306101 50306241 50307071 50308041
                                                50309071 50309101 50309271 50310161 50310271
                                                50311101 50311141 50311161 50312011 50312071
                                                50312101 50312271 50401101 50401161 50402041
                                                50402181 50403011 50403071 50404181 50404241
                                                50405161 50405241 50405271 50406041 50406191
                                                50406241 50407041 50407071 50407241 50407271
                                                50408141 50409011 50409141 50409161 50409191
                                                50409241 50409271 50410041 50410071 50410141
                                                50410161 50411041 50411181 50411191 50412181
                                                50412241 50412271 50501071 50502041 50502101
                                                50504011 50504071 50504191 50504271 50506071
                                                50506241 50507071 50508071 50508181 50508241
                                                50508271 50509071 50510191 50511011 50511101
                                                50511141 50511181 50511241 50512271 50601011
                                                50602271 50603011 50603141 50603161 50603241
                                                50604011 50604101 50605161 50605191 50605241
                                                50606181 50606241 50607071 50607141 50608041
                                                50608141 50609161 50609191 50610011 50611071
                                                50611271 50701271 50702041 50702071 50702161
                                                50702241 50702271 50704011 50704041 50704181
                                                50704191 50704241 50705101 50705161 50705181
                                                50706071 50706141 50706161 50706191 50707101
                                                50707271 50708141 50708181 50709041 50709101
                                                50709141 50709241 50710011 50710071 50711141
                                                50711161 50712161 50712191 50712241 50712271
                                                50801241 50801271 50802141 50804011 50804041
                                                50804071 50804101 50804191 50805161 50806101
                                                50806161 50807181 50807191 50807241 50807271
                                                50808101 50808161 50808191 50808241 50809191
                                                50809241 50810041 50810071 50810101 50810141
                                                50810181 50811041 50811071 50811181 50811191
                                                50811241 50901101 50901191 50901241 50902011
                                                50902071 50902101 50902161 50904101 50904141
                                                50904161 50904181 50905041 50905191 50906071
                                                50906101 50906141 50906181 50907101 50907181
                                                50907191 50908161 50909041 50909101 50909161
                                                50909181 50909191 50910181 50910271 50911011
                                                50911141 50911161 50911181 50912241 51001011
                                                51001041 51002101 51003101 51004101 51004241
                                                51004271 51005071 51005101 51005191 51005241
                                                51007041 51007161 51007271 51008071 51009161
                                                51010141 51010161 51011101 51011181 51011191
                                                51101041 51102181 51103011 51103071 51103101
                                                51103161 51103191 51103241 51103271 51104011
                                                51104161 51105101 51105181 51105191 51106141
                                                51106241 51107141 51107161 51107181 51108041
                                                51108101 51109011 51109071 51109101 51109191
                                                51111191 51111271 51112141 51201241 51201271
                                                51202011 51202041 51202101 51202141 51203011
                                                51203071 51203161 51203191 51203271 51204011
                                                51204071 51204181 51205011 51205101 51205141
                                                51205191 51206011 51206241 51207011 51207071
                                                51208071 51208101 51208241 51209041 51209101
                                                51209181 51210141 51210181 51211011 51211191
                                                60101171 60101261 60103161 60104131 60104161
                                                      PUDDING GEE                     16:31 Thursday, August 22, 2019 222

                                                  The GLIMMIX Procedure

                                                60104171 60106021 60106071 60106261 60106271
                                                60107071 60107131 60109131 60109171 60109251
                                                60109261 60109271 60111131 60111271 60113131
                                                60113161 60201131 60201161 60201211 60202161
                                                60202251 60202261 60202271 60203021 60204171
                                                60204251 60205021 60205081 60205161 60206171
                                                60207071 60208171 60209071 60209081 60209131
                                                60209161 60209171 60211071 60212021 60212261
                                                60213161 60213171 60301131 60301171 60302261
                                                60302271 60303021 60303071 60303161 60303261
                                                60303271 60304021 60304071 60304131 60304261
                                                60304271 60305131 60308081 60308131 60308271
                                                60309021 60310021 60311131 60311251 60311261
                                                60313021 60313261 60313271 60402071 60402161
                                                60402171 60405021 60405131 60405251 60405261
                                                60406171 60408081 60408271 60409081 60409211
                                                60409261 60409271 60410071 60410131 60410251
                                                60410271 60411081 60411261 60412271 60413081
                                                60413171 60413251 60413271 60414161 60415161
                                                60415171 60415261 60502021 60502081 60502271
                                                60503071 60503161 60503251 60503261 60504161
                                                60504171 60504251 60506081 60506161 60507131
                                                60507261 60508021 60509071 60509131 60509251
                                                60510021 60510251 60511071 60511251 60512021
                                                60512131 60512161 60513021 60601021 60601071
                                                60601131 60601171 60602081 60602161 60602251
                                                60602261 60603021 60603131 60603261 60604261
                                                60604271 60606271 60608021 60608161 60608211
                                                60609071 60609081 60609271 60610131 60610251
                                                60611081 60611251 60611271 60612161 60612261
                                                60612271 60701071 60701081 60701161 60701171
                                                60702021 60702081 60703071 60703271 60704021
                                                60704131 60704161 60704251 60704261 60705021
                                                60705161 60706161 60706171 60706251 60706261
                                                60706271 60707021 60707071 60707081 60709021
                                                60709131 60709171 60711261 60713021 60713071
                                                60713211 60801171 60801271 60802021 60802081
                                                60802131 60802261 60803081 60803131 60805081
                                                60805131 60806081 60806161 60806171 60806261
                                                60808081 60808261 60809131 60810081 60810251
                                                60812131 60812171 60813071 60813261 60813271
                                                60814071 60814161 60814171 60814211 60814261
                                                60814271 60901131 60901261 60902071 60902261
                                                60904071 60904161 60904171 60904261 60904271
                                                60905021 60905071 60905251 60905261 60906071
                                                60906131 60906171 60906251 60908071 60908171
                                                60909081 60909161 60909211 60910021 60910171
                                                60910261 60911161 60911261 60912071 60912081
                                                60912171 60913251 61001021 61001131 61001171
                                                61001261 61001271 61002081 61002161 61002211
                                                61008081 61008131 61008161 61008271 61009171
                                                61009261 61010081 61010261 61011131 61012021
                                                61012081 61012161 61012261 61013071 61014161
                                                61014171 61015021 61015071 61015131 61015161
                                                61015261 61016071 61016261 61101271 61102081
                                                61102131 61102251 61103171 61103271 61106081
                                                61106131 61106161 61106251 61108131 61108171
                                                61109161 61109271 61110161 61111131 61112021
                                                61112071 61112261 61112271 61113251 61113261
                                                61201021 61201261 61203131 61203271 61205081
                                                61205261 61207131 61207251 61208021 61208131
                                                61209021 61209081 61209131 61209161 61209251
                                                61210131 61211021 70101181 70102121 70103191
                                                70103241 70103251 70104031 70104121 70104241
                                                70104251 70105031 70106031 70106181 70107061
                                                70108191 70108241 70109051 70109081 70110031
                                                70110121 70110191 70111081 70111251 70112051
                                                70112191 70112241 70112251 70113081 70113121
                                                70114121 70201181 70201251 70202051 70202171
                                                70202181 70202191 70202241 70204061 70204181
                                                70204191 70204241 70204251 70205081 70205121
                                                70205171 70205181 70205251 70206051 70206181
                                                70206191 70208181 70210061 70210081 70211061
                                                70211181 70211191 70212051 70212061 70212081
                                                70212171 70301121 70301251 70302121 70303051
                                                      PUDDING GEE                     16:31 Thursday, August 22, 2019 223

                                                  The GLIMMIX Procedure

                                                70303061 70303121 70303171 70303241 70305121
                                                70305171 70306121 70307121 70307171 70307251
                                                70308081 70308171 70308181 70308251 70310191
                                                70312081 70312191 70312241 70312251 70401121
                                                70402031 70402051 70402181 70402251 70403061
                                                70406031 70406051 70406121 70406171 70407051
                                                70407061 70407081 70407121 70407171 70408121
                                                70408171 70408181 70408251 70409121 70410031
                                                70410051 70410181 70410191 70410241 70411031
                                                70412031 70412051 70412191 70413031 70413171
                                                70413241 70413251 70501191 70502241 70503051
                                                70503191 70504181 70504191 70505081 70505121
                                                70505191 70506191 70507031 70507061 70507121
                                                70509051 70509121 70510051 70510251 70511031
                                                70512191 70601031 70601061 70602051 70602121
                                                70603171 70603241 70604171 70604181 70605121
                                                70605171 70605181 70605191 70606051 70606081
                                                70606121 70608061 70609061 70609171 70610031
                                                70610241 70614181 70614251 70701081 70702061
                                                70702171 70702241 70703061 70703081 70703121
                                                70703181 70703191 70703251 70704031 70704081
                                                70704171 70704191 70705031 70705051 70705121
                                                70705181 70707031 70707081 70707121 70707171
                                                70707181 70707241 70709181 70709241 70709251
                                                70710031 70710061 70711051 70712171 70712251
                                                70714051 70714191 70801061 70801121 70801241
                                                70802051 70802191 70803191 70805051 70805171
                                                70805251 70807081 70807121 70809031 70809051
                                                70809081 70810241 70810251 70811251 70812031
                                                70813031 70813121 70813191 70814171 70814191
                                                70814251 70815081 70901051 70901061 70901081
                                                70901241 70902031 70902121 70902181 70902241
                                                70903171 70903191 70904031 70904181 70906171
                                                70906181 70907031 70907181 70907191 70907251
                                                70908081 70908241 70909191 70910051 70910081
                                                70911061 71001081 71001181 71002031 71002061
                                                71002121 71002171 71002241 71002251 71003061
                                                71003251 71004171 71004191 71005191 71006031
                                                71006051 71006241 71009081 71009241 71010061
                                                71010171 71010191 71010241 71013171 71014031
                                                71014081 71014121 71014191 71014251 71101121
                                                71101241 71102171 71102191 71103061 71103171
                                                71105061 71105171 71105181 71106061 71107081
                                                71107191 71108081 71110121 71110251 71112061
                                                71201191 71204081 71204121 71204241 71205081
                                                71205171 71205181 71206031 71206051 71206121
                                                71206171 71206181 71206191 71206251 71207061
                                                71208081 71208121 71208241 71212171 80101061
                                                80101131 80101141 80101221 80103011 80103181
                                                80103191 80104011 80104151 80105151 80106061
                                                80107011 80107061 80107141 80108141 80108181
                                                80108221 80108281 80109011 80109151 80109221
                                                80110131 80110191 80111131 80111141 80112061
                                                80112221 80112251 80115031 80201191 80203031
                                                80203141 80203151 80203191 80203221 80203241
                                                80204191 80206011 80206191 80206221 80206241
                                                80206251 80207061 80207131 80207151 80207251
                                                80208281 80209031 80209191 80210061 80211031
                                                80211141 80211181 80211221 80211241 80212151
                                                80213131 80213281 80214011 80215151 80215221
                                                80216151 80216181 80301141 80303241 80303251
                                                80304031 80304141 80304181 80304241 80304281
                                                80305241 80306061 80306181 80306251 80307181
                                                80307191 80307251 80309151 80309281 80310131
                                                80310141 80310181 80311061 80311191 80311251
                                                80312011 80312061 80312221 80313061 80314011
                                                80314281 80401141 80401151 80401191 80401251
                                                80402061 80402191 80402221 80404031 80404181
                                                80404191 80405061 80405181 80408011 80408131
                                                80408141 80408181 80408221 80409031 80409131
                                                80409151 80410061 80410141 80410281 80412191
                                                80412251 80501141 80502141 80502221 80503011
                                                80504181 80507011 80507281 80508141 80510141
                                                80510221 80513031 80513151 80513241 80513281
                                                80603141 80603151 80603221 80603281 80604031
                                                      PUDDING GEE                     16:31 Thursday, August 22, 2019 224

                                                  The GLIMMIX Procedure

                                                80604061 80604181 80604191 80604241 80605191
                                                80605281 80606221 80607011 80607251 80608011
                                                80608151 80608221 80609011 80609151 80610011
                                                80610131 80610141 80610181 80610191 80611141
                                                80611251 80612031 80612061 80612181 80613131
                                                80613191 80701241 80702061 80702141 80702191
                                                80703141 80703181 80706141 80706181 80706191
                                                80706221 80707031 80708011 80708191 80708221
                                                80709061 80709191 80710011 80710061 80710151
                                                80710181 80710241 80710251 80711011 80711061
                                                80711131 80711141 80711151 80711191 80712191
                                                80713061 80713251 80713281 80714131 80714141
                                                80714221 80801011 80801131 80801181 80802251
                                                80803011 80805131 80805181 80805191 80807241
                                                80808061 80808151 80808181 80808221 80808251
                                                80809011 80809031 80809221 80809251 80809281
                                                80810141 80810221 80810251 80811011 80811061
                                                80811141 80811151 80811191 80813061 80813191
                                                80901011 80901061 80902011 80902061 80903191
                                                80904011 80904151 80904221 80904281 80905011
                                                80905131 80905141 80906131 80906151 80906191
                                                80907131 80907191 80907251 80908151 80908241
                                                80909011 80909151 80909181 80909281 80910131
                                                80910221 80911221 80912011 80912061 80912181
                                                80912251 81001011 81002131 81003131 81004031
                                                81004221 81004241 81004281 81006131 81006141
                                                81006191 81007031 81007191 81007281 81008131
                                                81008141 81008281 81009011 81009131 81009181
                                                81009221 81011141 81012151 81012191 81013191
                                                81014011 81014191 81103251 81104151 81105031
                                                81105141 81105241 81107131 81107141 81108151
                                                81108191 81109011 81109131 81109181 81109191
                                                81110011 81110151 81110181 81111151 81111241
                                                81112011 81112191 81113061 81113281 81201181
                                                81201191 81202131 81202181 81202191 81202241
                                                81202251 81204191 81205131 81205251 81205281
                                                81206061 81206131 81206221 81207141 81207251
                                                81207281 81210131 81212061 90201071 90201161
                                                90205181 90205211 90302151 90302251 90303071
                                                90303111 90303161 90303181 90303251 90304111
                                                90304151 90304161 900101111 900101191
                                                900103011 900103201 900104061 900105221
                                                900105261 900106021 900106171 900107201
                                                900107261 900108061 900108111 900108191
                                                900108221 900109031 900110011 900111011
                                                900112261 900113011 900113031 900113171
                                                900114031 900201021 900201221 900202191
                                                900203171 900204111 900205111 900205261
                                                900206021 900206031 900207031 900207221
                                                900210011 900210201 900210261 900211061
                                                900211171 900211191 900212061 900302021
                                                900302201 900305221 900306021 900307221
                                                900308031 900308061 900308111 900308191
                                                900308221 900308261 900309021 900309191
                                                900309201 900310201 900311031 900311061
                                                900311111 900311201 900401111 900401261
                                                900402011 900402111 900402201 900404021
                                                900406031 900406061 900407031 900407171
                                                900407221 900407261 900408061 900408191
                                                900409111 900411031 900412011 900412221
                                                900414031 900414191 900414201 900414261
                                                900503011 900503061 900503191 900504011
                                                900504201 900506011 900506111 900506261
                                                900509191 900509221 900510171 900510191
                                                900511031 900511111 900511191 900511201
                                                900513061 900513171 900601011 900601111
                                                900602021 900602191 900603021 900603171
                                                900603261 900605191 900605201 900605221
                                                900607011 900607031 900607061 900607261
                                                900608011 900610031 900611171 900612031
                                                900612111 900612191 900612221 900613011
                                                900613021 900613261 900701061 900701221
                                                900701261 900703111 900703261 900706171
                                                900706191 900707261 900709011 900709261
                                                900713171 900713191 900714021 900714111
                                                      PUDDING GEE                     16:31 Thursday, August 22, 2019 225

                                                  The GLIMMIX Procedure

                                                900801111 900801201 900803191 900804031
                                                900805011 900805031 900805261 900806061
                                                900806111 900808011 900808021 900809111
                                                900809201 900811011 900813061 900901061
                                                900903011 900903061 900905111 900908221
                                                900909011 900909031 900909061 900909111
                                                900910021 900910031 900910201 900911191
                                                900912011 900912201 900912221 901001261
                                                901003111 901004021 901004111 901004191
                                                901004261 901006261 901007191 901007221
                                                901007261 901008031 901008061 901008111
                                                901008191 901008221 901010061 901011011
                                                901011191 901011201 901011221 901014171
                                                901014201 901101111 901101191 901102011
                                                901102021 901102061 901102261 901103111
                                                901103221 901104201 901105111 901106061
                                                901106191 901106261 901107061 901108201
                                                901109021 901109171 901110011 901111031
                                                901113061 901113111 901113171 901201111
                                                901203021 901204021 901204191 901204261
                                                901205061 901205191 901205201 901205221
                                                901206031 901206111 901206221 901207171
                                                901208111 901209171 901209191 901209201
                                                901210201 901211111 901212011 901212261
                           TIME2G          2    1 0
                           DM4cat          4    1 2 3 0
                           Sex             2    2 1
                           NSSEC3          3    2 3 1
                                                      PUDDING GEE                     16:31 Thursday, August 22, 2019 226

                                                  The GLIMMIX Procedure

                                                Class Level Information

                           Class      Levels    Values

                           area         1276    10101 10102 10103 10104 10105 10107 10109
                                                10110 10112 10114 10115 10201 10202 10203
                                                10204 10205 10209 10210 10211 10213 10215
                                                10301 10302 10303 10305 10306 10307 10308
                                                10310 10311 10314 10315 10401 10402 10404
                                                10405 10407 10408 10410 10411 10412 10414
                                                10501 10502 10503 10504 10505 10506 10507
                                                10508 10509 10510 10511 10512 10513 10514
                                                10515 10601 10603 10605 10606 10607 10609
                                                10610 10611 10612 10613 10614 10615 10702
                                                10705 10707 10708 10709 10710 10711 10713
                                                10714 10715 10802 10803 10805 10806 10807
                                                10808 10809 10810 10812 10813 10814 10901
                                                10902 10903 10904 10905 10907 10908 10909
                                                10910 10911 10912 10913 10914 10915 11001
                                                11004 11006 11008 11009 11010 11011 11014
                                                11015 11101 11102 11103 11104 11106 11107
                                                11109 11110 11111 11112 11113 11114 11201
                                                11202 11203 11204 11205 11206 11207 11208
                                                11209 11211 11212 11213 20101 20102 20104
                                                20105 20106 20110 20111 20112 20113 20114
                                                20116 20201 20202 20203 20204 20208 20210
                                                20211 20212 20213 20215 20216 20301 20302
                                                20303 20304 20305 20306 20307 20308 20309
                                                20311 20312 20313 20314 20315 20316 20401
                                                20402 20403 20405 20406 20408 20409 20410
                                                20411 20412 20413 20414 20415 20416 20417
                                                20501 20502 20503 20504 20507 20508 20510
                                                20511 20512 20513 20514 20515 20516 20601
                                                20603 20604 20605 20606 20607 20608 20609
                                                20610 20612 20614 20615 20616 20701 20702
                                                20703 20704 20705 20706 20707 20708 20709
                                                20711 20712 20713 20714 20715 20801 20802
                                                20803 20804 20805 20806 20807 20808 20809
                                                20810 20812 20813 20814 20815 20816 20817
                                                20818 20819 20901 20903 20904 20905 20906
                                                20908 20910 20911 20912 20913 20914 20915
                                                20916 21001 21002 21004 21006 21007 21008
                                                21010 21011 21012 21013 21014 21015 21016
                                                21101 21102 21103 21104 21105 21108 21109
                                                21110 21111 21112 21113 21114 21115 21116
                                                21201 21202 21203 21204 21205 21206 21207
                                                21208 21209 21210 21211 21212 21213 21214
                                                21216 30101 30102 30103 30104 30105 30106
                                                30107 30108 30109 30110 30111 30112 30113
                                                30114 30115 30116 30201 30203 30205 30207
                                                30208 30209 30211 30212 30213 30216 30301
                                                30302 30303 30304 30305 30306 30307 30308
                                                30309 30310 30311 30312 30313 30315 30316
                                                30402 30403 30404 30405 30406 30407 30408
                                                30409 30410 30414 30415 30416 30417 30501
                                                30502 30504 30505 30506 30507 30508 30509
                                                30510 30511 30513 30514 30515 30516 30601
                                                30602 30603 30604 30606 30607 30608 30609
                                                30610 30611 30612 30614 30615 30616 30701
                                                30702 30703 30706 30707 30708 30709 30710
                                                30711 30712 30713 30714 30715 30716 30801
                                                30803 30804 30805 30806 30808 30809 30810
                                                30811 30812 30813 30814 30815 30816 30901
                                                30902 30903 30904 30905 30909 30910 30911
                                                30912 30913 30914 30915 30916 30917 31001
                                                31002 31003 31004 31006 31007 31008 31009
                                                31011 31012 31013 31014 31102 31103 31104
                                                31105 31109 31110 31112 31113 31114 31115
                                                31116 31201 31203 31204 31205 31206 31207
                                                31209 31212 31214 40101 40102 40103 40104
                                                40106 40107 40108 40109 40110 40111 40112
                                                40113 40114 40115 40116 40117 40118 40119
                                                40120 40121 40122 40123 40124 40201 40202
                                                40203 40204 40206 40207 40208 40210 40212
                                                40213 40214 40215 40216 40217 40218 40219
                                                      PUDDING GEE                     16:31 Thursday, August 22, 2019 227

                                                  The GLIMMIX Procedure

                                                40220 40221 40222 40223 40224 40225 40301
                                                40302 40304 40305 40306 40307 40309 40310
                                                40311 40312 40313 40314 40315 40316 40317
                                                40318 40319 40320 40321 40322 40323 40324
                                                40325 40401 40402 40403 40404 40405 40406
                                                40408 40410 40411 40412 40413 40414 40415
                                                40416 40417 40501 40502 40503 40504 40506
                                                40507 40508 40509 40510 40511 40512 40513
                                                40514 40515 40516 40601 40602 40603 40604
                                                40605 40606 40608 40609 40610 40611 40612
                                                40613 40615 40616 40701 40703 40706 40707
                                                40708 40710 40712 40713 40714 40715 40716
                                                40801 40803 40804 40805 40806 40807 40808
                                                40809 40810 40811 40812 40813 40814 40815
                                                40816 40817 40901 40902 40903 40904 40905
                                                40906 40907 40908 40909 40910 40911 40912
                                                40913 40914 40915 40916 41002 41004 41005
                                                41006 41007 41008 41010 41012 41013 41014
                                                41015 41016 41101 41102 41103 41106 41107
                                                41108 41110 41111 41113 41114 41115 41116
                                                41201 41202 41203 41204 41205 41206 41207
                                                41208 41209 41210 41211 41212 41213 41215
                                                41216 41217 50102 50103 50104 50105 50106
                                                50107 50108 50109 50110 50111 50201 50202
                                                50203 50204 50205 50207 50208 50209 50210
                                                50211 50301 50302 50303 50304 50305 50306
                                                50307 50308 50309 50310 50311 50312 50401
                                                50402 50403 50404 50405 50406 50407 50408
                                                50409 50410 50411 50412 50501 50502 50504
                                                50506 50507 50508 50509 50510 50511 50512
                                                50601 50602 50603 50604 50605 50606 50607
                                                50608 50609 50610 50611 50701 50702 50704
                                                50705 50706 50707 50708 50709 50710 50711
                                                50712 50801 50802 50804 50805 50806 50807
                                                50808 50809 50810 50811 50901 50902 50904
                                                50905 50906 50907 50908 50909 50910 50911
                                                50912 51001 51002 51003 51004 51005 51007
                                                51008 51009 51010 51011 51101 51102 51103
                                                51104 51105 51106 51107 51108 51109 51111
                                                51112 51201 51202 51203 51204 51205 51206
                                                51207 51208 51209 51210 51211 60101 60103
                                                60104 60106 60107 60109 60111 60113 60201
                                                60202 60203 60204 60205 60206 60207 60208
                                                60209 60211 60212 60213 60301 60302 60303
                                                60304 60305 60308 60309 60310 60311 60313
                                                60402 60405 60406 60408 60409 60410 60411
                                                60412 60413 60414 60415 60502 60503 60504
                                                60506 60507 60508 60509 60510 60511 60512
                                                60513 60601 60602 60603 60604 60606 60608
                                                60609 60610 60611 60612 60701 60702 60703
                                                60704 60705 60706 60707 60709 60711 60713
                                                60801 60802 60803 60805 60806 60808 60809
                                                60810 60812 60813 60814 60901 60902 60904
                                                60905 60906 60908 60909 60910 60911 60912
                                                60913 61001 61002 61008 61009 61010 61011
                                                61012 61013 61014 61015 61016 61101 61102
                                                61103 61106 61108 61109 61110 61111 61112
                                                61113 61201 61203 61205 61207 61208 61209
                                                61210 61211 70101 70102 70103 70104 70105
                                                70106 70107 70108 70109 70110 70111 70112
                                                70113 70114 70201 70202 70204 70205 70206
                                                70208 70210 70211 70212 70301 70302 70303
                                                70305 70306 70307 70308 70310 70312 70401
                                                70402 70403 70406 70407 70408 70409 70410
                                                70411 70412 70413 70501 70502 70503 70504
                                                70505 70506 70507 70509 70510 70511 70512
                                                70601 70602 70603 70604 70605 70606 70608
                                                70609 70610 70614 70701 70702 70703 70704
                                                70705 70707 70709 70710 70711 70712 70714
                                                70801 70802 70803 70805 70807 70809 70810
                                                70811 70812 70813 70814 70815 70901 70902
                                                70903 70904 70906 70907 70908 70909 70910
                                                70911 71001 71002 71003 71004 71005 71006
                                                71009 71010 71013 71014 71101 71102 71103
                                                71105 71106 71107 71108 71110 71112 71201
                                                      PUDDING GEE                     16:31 Thursday, August 22, 2019 228

                                                  The GLIMMIX Procedure

                                                71204 71205 71206 71207 71208 71212 80101
                                                80103 80104 80105 80106 80107 80108 80109
                                                80110 80111 80112 80115 80201 80203 80204
                                                80206 80207 80208 80209 80210 80211 80212
                                                80213 80214 80215 80216 80301 80303 80304
                                                80305 80306 80307 80309 80310 80311 80312
                                                80313 80314 80401 80402 80404 80405 80408
                                                80409 80410 80412 80501 80502 80503 80504
                                                80507 80508 80510 80513 80603 80604 80605
                                                80606 80607 80608 80609 80610 80611 80612
                                                80613 80701 80702 80703 80706 80707 80708
                                                80709 80710 80711 80712 80713 80714 80801
                                                80802 80803 80805 80807 80808 80809 80810
                                                80811 80813 80901 80902 80903 80904 80905
                                                80906 80907 80908 80909 80910 80911 80912
                                                81001 81002 81003 81004 81006 81007 81008
                                                81009 81011 81012 81013 81014 81103 81104
                                                81105 81107 81108 81109 81110 81111 81112
                                                81113 81201 81202 81204 81205 81206 81207
                                                81210 81212 90201 90205 90302 90303 90304
                                                900101 900103 900104 900105 900106 900107
                                                900108 900109 900110 900111 900112 900113
                                                900114 900201 900202 900203 900204 900205
                                                900206 900207 900210 900211 900212 900302
                                                900305 900306 900307 900308 900309 900310
                                                900311 900401 900402 900404 900406 900407
                                                900408 900409 900411 900412 900414 900503
                                                900504 900506 900509 900510 900511 900513
                                                900601 900602 900603 900605 900607 900608
                                                900610 900611 900612 900613 900701 900703
                                                900706 900707 900709 900713 900714 900801
                                                900803 900804 900805 900806 900808 900809
                                                900811 900813 900901 900903 900905 900908
                                                900909 900910 900911 900912 901001 901003
                                                901004 901006 901007 901008 901010 901011
                                                901014 901101 901102 901103 901104 901105
                                                901106 901107 901108 901109 901110 901111
                                                901113 901201 901203 901204 901205 901206
                                                901207 901208 901209 901210 901211 901212


                                         Number of Observations Read      175339
                                         Number of Observations Used      175339


                                                       Dimensions

                                           G-side Cov. Parameters           1
                                           Columns in X                    21
                                           Columns in Z per Subject         1
                                           Subjects (Blocks in V)        3041
                                           Max Obs per Subject            176


                                                Optimization Information

                                     Optimization Technique        Dual Quasi-Newton
                                     Parameters in Optimization    13
                                     Lower Boundaries              1
                                     Upper Boundaries              0
                                     Fixed Effects                 Not Profiled
                                     Starting From                 GLM estimates
                                     Quadrature Points             21


                                                    Iteration History

                                                               Objective                         Max
                    Iteration    Restarts    Evaluations        Function          Change    Gradient

                            0           0              4    7902.9319938       .            46989.47
                            1           0             10    7259.0618395    643.87015434    7465.122
                            2           0              2     7235.264191     23.79764848      1756.2
                            3           0              2     7233.950087      1.31410400    104.5635
                                                      PUDDING GEE                     16:31 Thursday, August 22, 2019 229

                                                  The GLIMMIX Procedure

                                                    Iteration History

                                                               Objective                         Max
                    Iteration    Restarts    Evaluations        Function          Change    Gradient

                            4           0              4    7233.9296979      0.02038904    116.3303
                            5           0             10    7138.1099155     95.81978245    191.8392
                            6           0              3    7138.0913044      0.01861106    69.69731
                            7           0              8    7133.0530774      5.03822703    2132.883
                            8           0              3     7131.382602      1.67047539     84.2103
                            9           0              2    7131.2938454      0.08875658    378.4533
                           10           0              6    7127.2874955      4.00634988     52.9883
                           11           0              6    7123.5042806      3.78321497    217.7199
                           12           0              2    7121.5908521      1.91342850    2533.866
                           13           0              2    7119.1493004      2.44155169    158.9842
                           14           0              3    7117.8516244      1.29767595    840.1744
                           15           0              6    7070.3300499     47.52157453    7212.949
                           16           0              3    7053.1443148     17.18573512    614.8923
                           17           0              3    7053.0045197      0.13979506    80.30478
                           18           0              2    7052.9611256      0.04339410    80.83667
                           19           0              2    7052.8868645      0.07426117    42.69592
                           20           0              3    7052.8726499      0.01421453    27.00403
                           21           0              6    7052.7220521      0.15059779    369.4605
                           22           0              2    7052.4968104      0.22524174    63.19739
                           23           0              3    7052.4559868      0.04082363    96.83965
                           24           0              8    7042.3657003     10.09028645    2280.239
                           25           0              3    7036.4212517      5.94444858    118.0527
                           26           0              3    7036.1552932      0.26595854    33.72461
                           27           0              4    7031.8109257      4.34436751    902.3736
                           28           0              3    7030.4841259      1.32679982    441.1177
                           29           0              3    7029.9879071      0.49621879    34.13382
                           30           0              3    7029.9788285      0.00907853    34.17588
                           31           0              6    7029.6646154      0.31421311    224.2925
                           32           0              2    7029.3543984      0.31021702    61.93077
                           33           0              3     7029.320142      0.03425644    33.17656
                           34           0              6    7023.7117194      5.60842257    900.5005
                           35           0              3    7022.0602653      1.65145410    100.7393
                           36           0              3    7021.8239824      0.23628293    21.77176
                           37           0              4    7019.3388561      2.48512630    1198.414
                           38           0              2     7017.621723      1.71713309    698.2501
                           39           0              3    7016.9368203      0.68490271    34.22847
                           40           0              3    7016.8734039      0.06341636    40.78881
                           41           0              3    7016.8715368      0.00186708    20.51319
                           42           0              4    7016.8577131      0.01382374    136.2223
                           43           0              2    7016.8382159      0.01949720    21.22736
                           44           0              2    7016.8071862      0.03102966    109.0044
                           45           0              4    7016.4261663      0.38101990    769.3858
                           46           0              4    7013.1337929      3.29237339    955.9759
                           47           0              3    7012.5813975      0.55239541    106.4361
                           48           0              3    7012.5584361      0.02296141    8.992883
                           49           0              3    7012.5582154      0.00022067    7.274333
                           50           0              4     7012.556617      0.00159844    41.53097
                           51           0              2    7012.5540976      0.00251937    7.222993
                           52           0              2    7012.5502631      0.00383455    59.37742
                           53           0              4    7012.5018478      0.04841533    282.2334
                           54           0              4    7012.3572962      0.14455154    122.3109
                           55           0              3    7012.2890259      0.06827028    12.64691
                           56           0              3    7012.2889655      0.00006047    2.371046
                           57           0              4    7012.2888221      0.00014336    5.683237

                                     Convergence criterion (GCONV=1E-8) satisfied.


                                         Adaptiveness of Quadrature at Solution

                               Quadrature       Objective    ---Relative Difference to---
                                   Points        Function       Converged        Previous

                                       21    7012.2888221
                                       31    7012.2888233    1.763307E-10    1.763307E-10


                                                      PUDDING GEE                     16:31 Thursday, August 22, 2019 230

                                                  The GLIMMIX Procedure

                                                     Fit Statistics

                                          -2 Log Likelihood            7012.29
                                          AIC  (smaller is better)     7038.29
                                          AICC (smaller is better)     7038.29
                                          BIC  (smaller is better)     7116.55
                                          CAIC (smaller is better)     7129.55
                                          HQIC (smaller is better)     7066.42


                                       Fit Statistics for Conditional Distribution

                                      -2 log L(YESPUDDING | r. effects)     6170.87
                                      Pearson Chi-Square                   106212.3
                                      Pearson Chi-Square / DF                  0.61


                                             Covariance Parameter Estimates

                                                                             Standard
                                    Cov Parm     Subject         Estimate       Error

                                    Intercept    seriali*area      1.0253      0.1658


                                               Solutions for Fixed Effects

                                                                        Standard
   Effect          DM4cat   TIME2G   Sex            NSSEC3   Estimate      Error      DF   t Value   Pr > |t|    Alpha

   Intercept                                                  -7.2902     0.2172    3034    -33.56     <.0001     0.01
   TIME2G                   1                                  0.4124     0.1212   172E3      3.40     0.0007     0.01
   TIME2G                   0                                       0          .       .       .        .            .
   DM4cat          1                                           0.2295     0.2491   172E3      0.92     0.3569     0.01
   DM4cat          2                                          -0.1140     0.3097   172E3     -0.37     0.7129     0.01
   DM4cat          3                                           0.3860     0.1842   172E3      2.10     0.0361     0.01
   DM4cat          0                                                0          .       .       .        .            .
   TIME2G*DM4cat   1        1                                 -0.4578     0.5424   172E3     -0.84     0.3986     0.01
   TIME2G*DM4cat   2        1                                  0.2257     0.5919   172E3      0.38     0.7029     0.01
   TIME2G*DM4cat   3        1                                 -0.8516     0.4819   172E3     -1.77     0.0772     0.01
   TIME2G*DM4cat   0        1                                       0          .       .       .        .            .
   TIME2G*DM4cat   1        0                                       0          .       .       .        .            .
   TIME2G*DM4cat   2        0                                       0          .       .       .        .            .
   TIME2G*DM4cat   3        0                                       0          .       .       .        .            .
   TIME2G*DM4cat   0        0                                       0          .       .       .        .            .
   Sex                                          2             -0.1722     0.1029   172E3     -1.67     0.0942     0.01
   Sex                                          1                   0          .       .       .        .            .
   Age                                                        0.01788   0.003258   172E3      5.49     <.0001     0.01
   NSSEC3                                           2         0.02735     0.1328   172E3      0.21     0.8368     0.01


                                              Solutions for Fixed Effects

                     Effect          DM4cat   TIME2G   Sex            NSSEC3      Lower       Upper

                     Intercept                                                  -7.8501     -6.7302
                     TIME2G                   1                                  0.1003      0.7245
                     TIME2G                   0                                       .           .
                     DM4cat          1                                          -0.4122      0.8712
                     DM4cat          2                                          -0.9117      0.6838
                     DM4cat          3                                         -0.08850      0.8605
                     DM4cat          0                                                .           .
                     TIME2G*DM4cat   1        1                                 -1.8548      0.9393
                     TIME2G*DM4cat   2        1                                 -1.2988      1.7503
                     TIME2G*DM4cat   3        1                                 -2.0928      0.3896
                     TIME2G*DM4cat   0        1                                       .           .
                     TIME2G*DM4cat   1        0                                       .           .
                     TIME2G*DM4cat   2        0                                       .           .
                     TIME2G*DM4cat   3        0                                       .           .
                     TIME2G*DM4cat   0        0                                       .           .
                     Sex                                          2             -0.4372     0.09283
                     Sex                                          1                   .           .
                     Age                                                       0.009486     0.02627
                     NSSEC3                                           2         -0.3148      0.3695
                                                      PUDDING GEE                     16:31 Thursday, August 22, 2019 231

                                                  The GLIMMIX Procedure

                                               Solutions for Fixed Effects

                                                                        Standard
   Effect          DM4cat   TIME2G   Sex            NSSEC3   Estimate      Error      DF   t Value   Pr > |t|    Alpha

   NSSEC3                                           3        -0.00812     0.1159   172E3     -0.07     0.9441     0.01
   NSSEC3                                           1               0          .       .       .        .            .


                                              Solutions for Fixed Effects

                     Effect          DM4cat   TIME2G   Sex            NSSEC3      Lower       Upper

                     NSSEC3                                           3         -0.3066      0.2903
                     NSSEC3                                           1               .           .


                                             Type III Tests of Fixed Effects

                                                     Num      Den
                                   Effect             DF       DF    F Value    Pr > F

                                   TIME2G              1    172E3       0.38    0.5389
                                   DM4cat              3    172E3       0.01    0.9990
                                   TIME2G*DM4cat       3    172E3       1.31    0.2685
                                   Sex                 1    172E3       2.80    0.0942
                                   Age                 1    172E3      30.11    <.0001
                                   NSSEC3              2    172E3       0.03    0.9663


                                                        Estimates

                                                                              Standard
 Label                                                              Estimate     Error     DF  t Value  Pr > |t|   Alpha

 DM4cat = 1 (prediabetes), PUDDING EVENING VS MORNING/AFTERNOON     -0.04540    0.5287  172E3    -0.09    0.9316    0.01
 DM4cat = 2 (undiagdiabetes), PUDDING EVENING VS MORNING/AFTERNOON    0.6381    0.5795  172E3     1.10    0.2708    0.01
 DM4cat = 3 (diabetes), PUDDING EVENING VS MORNING/AFTERNOON         -0.4393    0.4665  172E3    -0.94    0.3464    0.01

                                                       Estimates

                                                                                                   Exponentiated
        Label                                                                 Lower       Upper         Estimate

        DM4cat = 1 (prediabetes), PUDDING EVENING VS MORNING/AFTERNOON      -1.4073      1.3165           0.9556
        DM4cat = 2 (undiagdiabetes), PUDDING EVENING VS MORNING/AFTERNOON   -0.8545      2.1307           1.8929
        DM4cat = 3 (diabetes), PUDDING EVENING VS MORNING/AFTERNOON         -1.6408      0.7623           0.6445

                                                        Estimates

                                                                               Exponentiated    Exponentiated
            Label                                                                      Lower            Upper

            DM4cat = 1 (prediabetes), PUDDING EVENING VS MORNING/AFTERNOON            0.2448           3.7304
            DM4cat = 2 (undiagdiabetes), PUDDING EVENING VS MORNING/AFTERNOON         0.4255           8.4208
            DM4cat = 3 (diabetes), PUDDING EVENING VS MORNING/AFTERNOON               0.1938           2.1431
